C:\USERS\ALEXANDRU.MERISANU\DOCUMENTS\GITHUB\DYNLIBFUNCTIONLOADER\DYNLIBLOADER\DEBUG\LIB.OBJ
C:\USERS\ALEXANDRU.MERISANU\DOCUMENTS\GITHUB\DYNLIBFUNCTIONLOADER\DYNLIBLOADER\DEBUG\MAIN.OBJ
C:\USERS\ALEXANDRU.MERISANU\DOCUMENTS\GITHUB\DYNLIBFUNCTIONLOADER\DYNLIBLOADER\DEBUG\VC110.PDB
C:\Users\alexandru.merisanu\Documents\GitHub\dynLibFunctionLoader\Debug\dynlibloader.lib
C:\Users\alexandru.merisanu\Documents\GitHub\dynLibFunctionLoader\Debug\dynlibloader.exp
C:\USERS\ALEXANDRU.MERISANU\DOCUMENTS\GITHUB\DYNLIBFUNCTIONLOADER\DEBUG\DYNLIBLOADER.ILK
C:\USERS\ALEXANDRU.MERISANU\DOCUMENTS\GITHUB\DYNLIBFUNCTIONLOADER\DEBUG\DYNLIBLOADER.EXE
C:\USERS\ALEXANDRU.MERISANU\DOCUMENTS\GITHUB\DYNLIBFUNCTIONLOADER\DEBUG\DYNLIBLOADER.PDB
C:\Users\alexandru.merisanu\Documents\GitHub\dynLibFunctionLoader\dynlibloader\Debug\Lib.obj
C:\Users\alexandru.merisanu\Documents\GitHub\dynLibFunctionLoader\dynlibloader\Debug\main.obj
C:\Users\alexandru.merisanu\Documents\GitHub\dynLibFunctionLoader\dynlibloader\Debug\cl.command.1.tlog
C:\Users\alexandru.merisanu\Documents\GitHub\dynLibFunctionLoader\dynlibloader\Debug\CL.read.1.tlog
C:\Users\alexandru.merisanu\Documents\GitHub\dynLibFunctionLoader\dynlibloader\Debug\CL.write.1.tlog
C:\Users\alexandru.merisanu\Documents\GitHub\dynLibFunctionLoader\dynlibloader\Debug\dynlibloader.write.1.tlog
C:\Users\alexandru.merisanu\Documents\GitHub\dynLibFunctionLoader\dynlibloader\Debug\link-cvtres.read.1.tlog
C:\Users\alexandru.merisanu\Documents\GitHub\dynLibFunctionLoader\dynlibloader\Debug\link-cvtres.write.1.tlog
C:\Users\alexandru.merisanu\Documents\GitHub\dynLibFunctionLoader\dynlibloader\Debug\link-rc.read.1.tlog
C:\Users\alexandru.merisanu\Documents\GitHub\dynLibFunctionLoader\dynlibloader\Debug\link-rc.write.1.tlog
C:\Users\alexandru.merisanu\Documents\GitHub\dynLibFunctionLoader\dynlibloader\Debug\link.1508-cvtres.read.1.tlog
C:\Users\alexandru.merisanu\Documents\GitHub\dynLibFunctionLoader\dynlibloader\Debug\link.1508-cvtres.write.1.tlog
C:\Users\alexandru.merisanu\Documents\GitHub\dynLibFunctionLoader\dynlibloader\Debug\link.1508-rc.read.1.tlog
C:\Users\alexandru.merisanu\Documents\GitHub\dynLibFunctionLoader\dynlibloader\Debug\link.1508-rc.write.1.tlog
C:\Users\alexandru.merisanu\Documents\GitHub\dynLibFunctionLoader\dynlibloader\Debug\link.1508.read.1.tlog
C:\Users\alexandru.merisanu\Documents\GitHub\dynLibFunctionLoader\dynlibloader\Debug\link.1508.write.1.tlog
C:\Users\alexandru.merisanu\Documents\GitHub\dynLibFunctionLoader\dynlibloader\Debug\link.1516-cvtres.read.1.tlog
C:\Users\alexandru.merisanu\Documents\GitHub\dynLibFunctionLoader\dynlibloader\Debug\link.1516-cvtres.write.1.tlog
C:\Users\alexandru.merisanu\Documents\GitHub\dynLibFunctionLoader\dynlibloader\Debug\link.1516-rc.read.1.tlog
C:\Users\alexandru.merisanu\Documents\GitHub\dynLibFunctionLoader\dynlibloader\Debug\link.1516-rc.write.1.tlog
C:\Users\alexandru.merisanu\Documents\GitHub\dynLibFunctionLoader\dynlibloader\Debug\link.1516.read.1.tlog
C:\Users\alexandru.merisanu\Documents\GitHub\dynLibFunctionLoader\dynlibloader\Debug\link.1516.write.1.tlog
C:\Users\alexandru.merisanu\Documents\GitHub\dynLibFunctionLoader\dynlibloader\Debug\link.1768-cvtres.read.1.tlog
C:\Users\alexandru.merisanu\Documents\GitHub\dynLibFunctionLoader\dynlibloader\Debug\link.1768-cvtres.write.1.tlog
C:\Users\alexandru.merisanu\Documents\GitHub\dynLibFunctionLoader\dynlibloader\Debug\link.1768-rc.read.1.tlog
C:\Users\alexandru.merisanu\Documents\GitHub\dynLibFunctionLoader\dynlibloader\Debug\link.1768-rc.write.1.tlog
C:\Users\alexandru.merisanu\Documents\GitHub\dynLibFunctionLoader\dynlibloader\Debug\link.1768.read.1.tlog
C:\Users\alexandru.merisanu\Documents\GitHub\dynLibFunctionLoader\dynlibloader\Debug\link.1768.write.1.tlog
C:\Users\alexandru.merisanu\Documents\GitHub\dynLibFunctionLoader\dynlibloader\Debug\link.1784-cvtres.read.1.tlog
C:\Users\alexandru.merisanu\Documents\GitHub\dynLibFunctionLoader\dynlibloader\Debug\link.1784-cvtres.write.1.tlog
C:\Users\alexandru.merisanu\Documents\GitHub\dynLibFunctionLoader\dynlibloader\Debug\link.1784-rc.read.1.tlog
C:\Users\alexandru.merisanu\Documents\GitHub\dynLibFunctionLoader\dynlibloader\Debug\link.1784-rc.write.1.tlog
C:\Users\alexandru.merisanu\Documents\GitHub\dynLibFunctionLoader\dynlibloader\Debug\link.1784.read.1.tlog
C:\Users\alexandru.merisanu\Documents\GitHub\dynLibFunctionLoader\dynlibloader\Debug\link.1784.write.1.tlog
C:\Users\alexandru.merisanu\Documents\GitHub\dynLibFunctionLoader\dynlibloader\Debug\link.2416-cvtres.read.1.tlog
C:\Users\alexandru.merisanu\Documents\GitHub\dynLibFunctionLoader\dynlibloader\Debug\link.2416-cvtres.write.1.tlog
C:\Users\alexandru.merisanu\Documents\GitHub\dynLibFunctionLoader\dynlibloader\Debug\link.2416-rc.read.1.tlog
C:\Users\alexandru.merisanu\Documents\GitHub\dynLibFunctionLoader\dynlibloader\Debug\link.2416-rc.write.1.tlog
C:\Users\alexandru.merisanu\Documents\GitHub\dynLibFunctionLoader\dynlibloader\Debug\link.2416.read.1.tlog
C:\Users\alexandru.merisanu\Documents\GitHub\dynLibFunctionLoader\dynlibloader\Debug\link.2416.write.1.tlog
C:\Users\alexandru.merisanu\Documents\GitHub\dynLibFunctionLoader\dynlibloader\Debug\link.2752-cvtres.read.1.tlog
C:\Users\alexandru.merisanu\Documents\GitHub\dynLibFunctionLoader\dynlibloader\Debug\link.2752-cvtres.write.1.tlog
C:\Users\alexandru.merisanu\Documents\GitHub\dynLibFunctionLoader\dynlibloader\Debug\link.2752-rc.read.1.tlog
C:\Users\alexandru.merisanu\Documents\GitHub\dynLibFunctionLoader\dynlibloader\Debug\link.2752-rc.write.1.tlog
C:\Users\alexandru.merisanu\Documents\GitHub\dynLibFunctionLoader\dynlibloader\Debug\link.2752.read.1.tlog
C:\Users\alexandru.merisanu\Documents\GitHub\dynLibFunctionLoader\dynlibloader\Debug\link.2752.write.1.tlog
C:\Users\alexandru.merisanu\Documents\GitHub\dynLibFunctionLoader\dynlibloader\Debug\link.3164-cvtres.read.1.tlog
C:\Users\alexandru.merisanu\Documents\GitHub\dynLibFunctionLoader\dynlibloader\Debug\link.3164-cvtres.write.1.tlog
C:\Users\alexandru.merisanu\Documents\GitHub\dynLibFunctionLoader\dynlibloader\Debug\link.3164-rc.read.1.tlog
C:\Users\alexandru.merisanu\Documents\GitHub\dynLibFunctionLoader\dynlibloader\Debug\link.3164-rc.write.1.tlog
C:\Users\alexandru.merisanu\Documents\GitHub\dynLibFunctionLoader\dynlibloader\Debug\link.3164.read.1.tlog
C:\Users\alexandru.merisanu\Documents\GitHub\dynLibFunctionLoader\dynlibloader\Debug\link.3164.write.1.tlog
C:\Users\alexandru.merisanu\Documents\GitHub\dynLibFunctionLoader\dynlibloader\Debug\link.3580-cvtres.read.1.tlog
C:\Users\alexandru.merisanu\Documents\GitHub\dynLibFunctionLoader\dynlibloader\Debug\link.3580-cvtres.write.1.tlog
C:\Users\alexandru.merisanu\Documents\GitHub\dynLibFunctionLoader\dynlibloader\Debug\link.3580-rc.read.1.tlog
C:\Users\alexandru.merisanu\Documents\GitHub\dynLibFunctionLoader\dynlibloader\Debug\link.3580-rc.write.1.tlog
C:\Users\alexandru.merisanu\Documents\GitHub\dynLibFunctionLoader\dynlibloader\Debug\link.3580.read.1.tlog
C:\Users\alexandru.merisanu\Documents\GitHub\dynLibFunctionLoader\dynlibloader\Debug\link.3580.write.1.tlog
C:\Users\alexandru.merisanu\Documents\GitHub\dynLibFunctionLoader\dynlibloader\Debug\link.4716-cvtres.read.1.tlog
C:\Users\alexandru.merisanu\Documents\GitHub\dynLibFunctionLoader\dynlibloader\Debug\link.4716-cvtres.write.1.tlog
C:\Users\alexandru.merisanu\Documents\GitHub\dynLibFunctionLoader\dynlibloader\Debug\link.4716-rc.read.1.tlog
C:\Users\alexandru.merisanu\Documents\GitHub\dynLibFunctionLoader\dynlibloader\Debug\link.4716-rc.write.1.tlog
C:\Users\alexandru.merisanu\Documents\GitHub\dynLibFunctionLoader\dynlibloader\Debug\link.4716.read.1.tlog
C:\Users\alexandru.merisanu\Documents\GitHub\dynLibFunctionLoader\dynlibloader\Debug\link.4716.write.1.tlog
C:\Users\alexandru.merisanu\Documents\GitHub\dynLibFunctionLoader\dynlibloader\Debug\link.4764-cvtres.read.1.tlog
C:\Users\alexandru.merisanu\Documents\GitHub\dynLibFunctionLoader\dynlibloader\Debug\link.4764-cvtres.write.1.tlog
C:\Users\alexandru.merisanu\Documents\GitHub\dynLibFunctionLoader\dynlibloader\Debug\link.4764-rc.read.1.tlog
C:\Users\alexandru.merisanu\Documents\GitHub\dynLibFunctionLoader\dynlibloader\Debug\link.4764-rc.write.1.tlog
C:\Users\alexandru.merisanu\Documents\GitHub\dynLibFunctionLoader\dynlibloader\Debug\link.4764.read.1.tlog
C:\Users\alexandru.merisanu\Documents\GitHub\dynLibFunctionLoader\dynlibloader\Debug\link.4764.write.1.tlog
C:\Users\alexandru.merisanu\Documents\GitHub\dynLibFunctionLoader\dynlibloader\Debug\link.4844-cvtres.read.1.tlog
C:\Users\alexandru.merisanu\Documents\GitHub\dynLibFunctionLoader\dynlibloader\Debug\link.4844-cvtres.write.1.tlog
C:\Users\alexandru.merisanu\Documents\GitHub\dynLibFunctionLoader\dynlibloader\Debug\link.4844-rc.read.1.tlog
C:\Users\alexandru.merisanu\Documents\GitHub\dynLibFunctionLoader\dynlibloader\Debug\link.4844-rc.write.1.tlog
C:\Users\alexandru.merisanu\Documents\GitHub\dynLibFunctionLoader\dynlibloader\Debug\link.4844.read.1.tlog
C:\Users\alexandru.merisanu\Documents\GitHub\dynLibFunctionLoader\dynlibloader\Debug\link.4844.write.1.tlog
C:\Users\alexandru.merisanu\Documents\GitHub\dynLibFunctionLoader\dynlibloader\Debug\link.5264-cvtres.read.1.tlog
C:\Users\alexandru.merisanu\Documents\GitHub\dynLibFunctionLoader\dynlibloader\Debug\link.5264-cvtres.write.1.tlog
C:\Users\alexandru.merisanu\Documents\GitHub\dynLibFunctionLoader\dynlibloader\Debug\link.5264-rc.read.1.tlog
C:\Users\alexandru.merisanu\Documents\GitHub\dynLibFunctionLoader\dynlibloader\Debug\link.5264-rc.write.1.tlog
C:\Users\alexandru.merisanu\Documents\GitHub\dynLibFunctionLoader\dynlibloader\Debug\link.5264.read.1.tlog
C:\Users\alexandru.merisanu\Documents\GitHub\dynLibFunctionLoader\dynlibloader\Debug\link.5264.write.1.tlog
C:\Users\alexandru.merisanu\Documents\GitHub\dynLibFunctionLoader\dynlibloader\Debug\link.5924-cvtres.read.1.tlog
C:\Users\alexandru.merisanu\Documents\GitHub\dynLibFunctionLoader\dynlibloader\Debug\link.5924-cvtres.write.1.tlog
C:\Users\alexandru.merisanu\Documents\GitHub\dynLibFunctionLoader\dynlibloader\Debug\link.5924-rc.read.1.tlog
C:\Users\alexandru.merisanu\Documents\GitHub\dynLibFunctionLoader\dynlibloader\Debug\link.5924-rc.write.1.tlog
C:\Users\alexandru.merisanu\Documents\GitHub\dynLibFunctionLoader\dynlibloader\Debug\link.5924.read.1.tlog
C:\Users\alexandru.merisanu\Documents\GitHub\dynLibFunctionLoader\dynlibloader\Debug\link.5924.write.1.tlog
C:\Users\alexandru.merisanu\Documents\GitHub\dynLibFunctionLoader\dynlibloader\Debug\link.6096-cvtres.read.1.tlog
C:\Users\alexandru.merisanu\Documents\GitHub\dynLibFunctionLoader\dynlibloader\Debug\link.6096-cvtres.write.1.tlog
C:\Users\alexandru.merisanu\Documents\GitHub\dynLibFunctionLoader\dynlibloader\Debug\link.6096-rc.read.1.tlog
C:\Users\alexandru.merisanu\Documents\GitHub\dynLibFunctionLoader\dynlibloader\Debug\link.6096-rc.write.1.tlog
C:\Users\alexandru.merisanu\Documents\GitHub\dynLibFunctionLoader\dynlibloader\Debug\link.6096.read.1.tlog
C:\Users\alexandru.merisanu\Documents\GitHub\dynLibFunctionLoader\dynlibloader\Debug\link.6096.write.1.tlog
C:\Users\alexandru.merisanu\Documents\GitHub\dynLibFunctionLoader\dynlibloader\Debug\link.6208-cvtres.read.1.tlog
C:\Users\alexandru.merisanu\Documents\GitHub\dynLibFunctionLoader\dynlibloader\Debug\link.6208-cvtres.write.1.tlog
C:\Users\alexandru.merisanu\Documents\GitHub\dynLibFunctionLoader\dynlibloader\Debug\link.6208-rc.read.1.tlog
C:\Users\alexandru.merisanu\Documents\GitHub\dynLibFunctionLoader\dynlibloader\Debug\link.6208-rc.write.1.tlog
C:\Users\alexandru.merisanu\Documents\GitHub\dynLibFunctionLoader\dynlibloader\Debug\link.6208.read.1.tlog
C:\Users\alexandru.merisanu\Documents\GitHub\dynLibFunctionLoader\dynlibloader\Debug\link.6208.write.1.tlog
C:\Users\alexandru.merisanu\Documents\GitHub\dynLibFunctionLoader\dynlibloader\Debug\link.6388-cvtres.read.1.tlog
C:\Users\alexandru.merisanu\Documents\GitHub\dynLibFunctionLoader\dynlibloader\Debug\link.6388-cvtres.write.1.tlog
C:\Users\alexandru.merisanu\Documents\GitHub\dynLibFunctionLoader\dynlibloader\Debug\link.6388-rc.read.1.tlog
C:\Users\alexandru.merisanu\Documents\GitHub\dynLibFunctionLoader\dynlibloader\Debug\link.6388-rc.write.1.tlog
C:\Users\alexandru.merisanu\Documents\GitHub\dynLibFunctionLoader\dynlibloader\Debug\link.6388.read.1.tlog
C:\Users\alexandru.merisanu\Documents\GitHub\dynLibFunctionLoader\dynlibloader\Debug\link.6388.write.1.tlog
C:\Users\alexandru.merisanu\Documents\GitHub\dynLibFunctionLoader\dynlibloader\Debug\link.6488-cvtres.read.1.tlog
C:\Users\alexandru.merisanu\Documents\GitHub\dynLibFunctionLoader\dynlibloader\Debug\link.6488-cvtres.write.1.tlog
C:\Users\alexandru.merisanu\Documents\GitHub\dynLibFunctionLoader\dynlibloader\Debug\link.6488-rc.read.1.tlog
C:\Users\alexandru.merisanu\Documents\GitHub\dynLibFunctionLoader\dynlibloader\Debug\link.6488-rc.write.1.tlog
C:\Users\alexandru.merisanu\Documents\GitHub\dynLibFunctionLoader\dynlibloader\Debug\link.6488.read.1.tlog
C:\Users\alexandru.merisanu\Documents\GitHub\dynLibFunctionLoader\dynlibloader\Debug\link.6488.write.1.tlog
C:\Users\alexandru.merisanu\Documents\GitHub\dynLibFunctionLoader\dynlibloader\Debug\link.6800-cvtres.read.1.tlog
C:\Users\alexandru.merisanu\Documents\GitHub\dynLibFunctionLoader\dynlibloader\Debug\link.6800-cvtres.write.1.tlog
C:\Users\alexandru.merisanu\Documents\GitHub\dynLibFunctionLoader\dynlibloader\Debug\link.6800-rc.read.1.tlog
C:\Users\alexandru.merisanu\Documents\GitHub\dynLibFunctionLoader\dynlibloader\Debug\link.6800-rc.write.1.tlog
C:\Users\alexandru.merisanu\Documents\GitHub\dynLibFunctionLoader\dynlibloader\Debug\link.6800.read.1.tlog
C:\Users\alexandru.merisanu\Documents\GitHub\dynLibFunctionLoader\dynlibloader\Debug\link.6800.write.1.tlog
C:\Users\alexandru.merisanu\Documents\GitHub\dynLibFunctionLoader\dynlibloader\Debug\link.6928-cvtres.read.1.tlog
C:\Users\alexandru.merisanu\Documents\GitHub\dynLibFunctionLoader\dynlibloader\Debug\link.6928-cvtres.write.1.tlog
C:\Users\alexandru.merisanu\Documents\GitHub\dynLibFunctionLoader\dynlibloader\Debug\link.6928-rc.read.1.tlog
C:\Users\alexandru.merisanu\Documents\GitHub\dynLibFunctionLoader\dynlibloader\Debug\link.6928-rc.write.1.tlog
C:\Users\alexandru.merisanu\Documents\GitHub\dynLibFunctionLoader\dynlibloader\Debug\link.6928.read.1.tlog
C:\Users\alexandru.merisanu\Documents\GitHub\dynLibFunctionLoader\dynlibloader\Debug\link.6928.write.1.tlog
C:\Users\alexandru.merisanu\Documents\GitHub\dynLibFunctionLoader\dynlibloader\Debug\link.7068-cvtres.read.1.tlog
C:\Users\alexandru.merisanu\Documents\GitHub\dynLibFunctionLoader\dynlibloader\Debug\link.7068-cvtres.write.1.tlog
C:\Users\alexandru.merisanu\Documents\GitHub\dynLibFunctionLoader\dynlibloader\Debug\link.7068-rc.read.1.tlog
C:\Users\alexandru.merisanu\Documents\GitHub\dynLibFunctionLoader\dynlibloader\Debug\link.7068-rc.write.1.tlog
C:\Users\alexandru.merisanu\Documents\GitHub\dynLibFunctionLoader\dynlibloader\Debug\link.7068.read.1.tlog
C:\Users\alexandru.merisanu\Documents\GitHub\dynLibFunctionLoader\dynlibloader\Debug\link.7068.write.1.tlog
C:\Users\alexandru.merisanu\Documents\GitHub\dynLibFunctionLoader\dynlibloader\Debug\link.command.1.tlog
C:\Users\alexandru.merisanu\Documents\GitHub\dynLibFunctionLoader\dynlibloader\Debug\link.read.1.tlog
C:\Users\alexandru.merisanu\Documents\GitHub\dynLibFunctionLoader\dynlibloader\Debug\link.write.1.tlog
C:\Users\alexandru.merisanu\Documents\GitHub\dynLibFunctionLoader\dynlibloader\Debug\vc110.idb
C:\Users\alexandru.merisanu\Documents\GitHub\dynLibFunctionLoader\dynlibloader\Debug\vc110.pdb
C:\Users\alexandru.merisanu\Documents\GitHub\dynLibFunctionLoader\Debug\dynlibloader.pdb
C:\Users\alexandru.merisanu\Documents\GitHub\dynLibFunctionLoader\Debug\dynlibloader.exe
C:\Users\alexandru.merisanu\Documents\GitHub\dynLibFunctionLoader\Debug\dynlibloader.ilk
